g:\vsproject\校园一卡通管理系统\校园一卡通管理系统\debug\校园一卡通管理系统.pch
g:\vsproject\校园一卡通管理系统\校园一卡通管理系统\debug\vc140.pdb
g:\vsproject\校园一卡通管理系统\校园一卡通管理系统\debug\vc140.idb
g:\vsproject\校园一卡通管理系统\校园一卡通管理系统\debug\stdafx.obj
g:\vsproject\校园一卡通管理系统\校园一卡通管理系统\debug\adoconn.obj
g:\vsproject\校园一卡通管理系统\校园一卡通管理系统\debug\logindlg.obj
g:\vsproject\校园一卡通管理系统\校园一卡通管理系统\debug\校园一卡通管理系统.obj
g:\vsproject\校园一卡通管理系统\校园一卡通管理系统\debug\校园一卡通管理系统dlg.obj
g:\vsproject\校园一卡通管理系统\校园一卡通管理系统\debug\查询余额.obj
g:\vsproject\校园一卡通管理系统\debug\校园一卡通管理系统.ilk
g:\vsproject\校园一卡通管理系统\debug\校园一卡通管理系统.exe
g:\vsproject\校园一卡通管理系统\debug\校园一卡通管理系统.pdb
g:\vsproject\校园一卡通管理系统\校园一卡通管理系统\debug\校园一卡通管理系统.res
g:\vsproject\校园一卡通管理系统\校园一卡通管理系统\debug\msado15.tli
g:\vsproject\校园一卡通管理系统\校园一卡通管理系统\debug\msado15.tlh
g:\vsproject\校园一卡通管理系统\校园一卡通管理系统\debug\校园一卡通管理系统.tlog\cl.command.1.tlog
g:\vsproject\校园一卡通管理系统\校园一卡通管理系统\debug\校园一卡通管理系统.tlog\cl.read.1.tlog
g:\vsproject\校园一卡通管理系统\校园一卡通管理系统\debug\校园一卡通管理系统.tlog\cl.write.1.tlog
g:\vsproject\校园一卡通管理系统\校园一卡通管理系统\debug\校园一卡通管理系统.tlog\link.command.1.tlog
g:\vsproject\校园一卡通管理系统\校园一卡通管理系统\debug\校园一卡通管理系统.tlog\link.read.1.tlog
g:\vsproject\校园一卡通管理系统\校园一卡通管理系统\debug\校园一卡通管理系统.tlog\link.write.1.tlog
g:\vsproject\校园一卡通管理系统\校园一卡通管理系统\debug\校园一卡通管理系统.tlog\rc.command.1.tlog
g:\vsproject\校园一卡通管理系统\校园一卡通管理系统\debug\校园一卡通管理系统.tlog\rc.read.1.tlog
g:\vsproject\校园一卡通管理系统\校园一卡通管理系统\debug\校园一卡通管理系统.tlog\rc.write.1.tlog
